<?xml version="1.0" encoding="UTF-8"?>
<testng-results skipped="0" failed="1" ignored="0" total="3" passed="2">
  <reporter-output>
  </reporter-output>
  <suite name="Default suite" duration-ms="136024" started-at="2021-07-25T22:30:46 IST" finished-at="2021-07-25T22:33:02 IST">
    <groups>
    </groups>
    <test name="Default test" duration-ms="136024" started-at="2021-07-25T22:30:46 IST" finished-at="2021-07-25T22:33:02 IST">
      <class name="LoginPageTest">
        <test-method status="PASS" signature="setUp()[pri:0, instance:LoginPageTest@3e2e18f2]" name="setUp" is-config="true" duration-ms="23258" started-at="2021-07-25T22:30:46 IST" finished-at="2021-07-25T22:31:09 IST">
          <reporter-output>
          </reporter-output>
        </test-method> <!-- setUp -->
        <test-method status="PASS" signature="getTitleOfPage()[pri:1, instance:LoginPageTest@3e2e18f2]" name="getTitleOfPage" duration-ms="209" started-at="2021-07-25T22:31:09 IST" finished-at="2021-07-25T22:31:10 IST">
          <reporter-output>
          </reporter-output>
        </test-method> <!-- getTitleOfPage -->
        <test-method status="PASS" signature="tearDown()[pri:0, instance:LoginPageTest@3e2e18f2]" name="tearDown" is-config="true" duration-ms="1047" started-at="2021-07-25T22:31:10 IST" finished-at="2021-07-25T22:31:11 IST">
          <reporter-output>
          </reporter-output>
        </test-method> <!-- tearDown -->
        <test-method status="PASS" signature="setUp()[pri:0, instance:LoginPageTest@3e2e18f2]" name="setUp" is-config="true" duration-ms="12100" started-at="2021-07-25T22:31:11 IST" finished-at="2021-07-25T22:31:23 IST">
          <reporter-output>
          </reporter-output>
        </test-method> <!-- setUp -->
        <test-method status="PASS" signature="logintoApplication()[pri:2, instance:LoginPageTest@3e2e18f2]" name="logintoApplication" duration-ms="2310" started-at="2021-07-25T22:31:23 IST" finished-at="2021-07-25T22:31:25 IST">
          <reporter-output>
          </reporter-output>
        </test-method> <!-- logintoApplication -->
        <test-method status="PASS" signature="tearDown()[pri:0, instance:LoginPageTest@3e2e18f2]" name="tearDown" is-config="true" duration-ms="916" started-at="2021-07-25T22:31:25 IST" finished-at="2021-07-25T22:31:26 IST">
          <reporter-output>
          </reporter-output>
        </test-method> <!-- tearDown -->
        <test-method status="PASS" signature="setUp()[pri:0, instance:LoginPageTest@3e2e18f2]" name="setUp" is-config="true" duration-ms="34659" started-at="2021-07-25T22:31:26 IST" finished-at="2021-07-25T22:32:01 IST">
          <reporter-output>
          </reporter-output>
        </test-method> <!-- setUp -->
        <test-method status="FAIL" signature="checkForgetLink()[pri:3, instance:LoginPageTest@3e2e18f2]" name="checkForgetLink" duration-ms="60167" started-at="2021-07-25T22:32:01 IST" finished-at="2021-07-25T22:33:01 IST">
          <exception class="java.lang.NullPointerException">
            <full-stacktrace>
              <![CDATA[java.lang.NullPointerException
at com.myPages.LoginPage.forgetPassword(LoginPage.java:75)
at LoginPageTest.checkForgetLink(LoginPageTest.java:28)
at sun.reflect.NativeMethodAccessorImpl.invoke0(Native Method)
at sun.reflect.NativeMethodAccessorImpl.invoke(NativeMethodAccessorImpl.java:62)
at sun.reflect.DelegatingMethodAccessorImpl.invoke(DelegatingMethodAccessorImpl.java:43)
at java.lang.reflect.Method.invoke(Method.java:498)
at org.testng.internal.MethodInvocationHelper.invokeMethod(MethodInvocationHelper.java:132)
at org.testng.internal.TestInvoker.invokeMethod(TestInvoker.java:599)
at org.testng.internal.TestInvoker.invokeTestMethod(TestInvoker.java:174)
at org.testng.internal.MethodRunner.runInSequence(MethodRunner.java:46)
at org.testng.internal.TestInvoker$MethodInvocationAgent.invoke(TestInvoker.java:822)
at org.testng.internal.TestInvoker.invokeTestMethods(TestInvoker.java:147)
at org.testng.internal.TestMethodWorker.invokeTestMethods(TestMethodWorker.java:146)
at org.testng.internal.TestMethodWorker.run(TestMethodWorker.java:128)
at java.util.ArrayList.forEach(ArrayList.java:1257)
at org.testng.TestRunner.privateRun(TestRunner.java:764)
at org.testng.TestRunner.run(TestRunner.java:585)
at org.testng.SuiteRunner.runTest(SuiteRunner.java:384)
at org.testng.SuiteRunner.runSequentially(SuiteRunner.java:378)
at org.testng.SuiteRunner.privateRun(SuiteRunner.java:337)
at org.testng.SuiteRunner.run(SuiteRunner.java:286)
at org.testng.SuiteRunnerWorker.runSuite(SuiteRunnerWorker.java:53)
at org.testng.SuiteRunnerWorker.run(SuiteRunnerWorker.java:96)
at org.testng.TestNG.runSuitesSequentially(TestNG.java:1218)
at org.testng.TestNG.runSuitesLocally(TestNG.java:1140)
at org.testng.TestNG.runSuites(TestNG.java:1069)
at org.testng.TestNG.run(TestNG.java:1037)
at org.testng.remote.AbstractRemoteTestNG.run(AbstractRemoteTestNG.java:115)
at org.testng.remote.RemoteTestNG.initAndRun(RemoteTestNG.java:251)
at org.testng.remote.RemoteTestNG.main(RemoteTestNG.java:77)
]]>
            </full-stacktrace>
          </exception> <!-- java.lang.NullPointerException -->
          <reporter-output>
          </reporter-output>
        </test-method> <!-- checkForgetLink -->
        <test-method status="PASS" signature="tearDown()[pri:0, instance:LoginPageTest@3e2e18f2]" name="tearDown" is-config="true" duration-ms="953" started-at="2021-07-25T22:33:01 IST" finished-at="2021-07-25T22:33:02 IST">
          <reporter-output>
          </reporter-output>
        </test-method> <!-- tearDown -->
      </class> <!-- LoginPageTest -->
    </test> <!-- Default test -->
  </suite> <!-- Default suite -->
</testng-results>
